1:
3.7
3.5
3.6
4.2
3.7
3.8
3.5
3.7
3.9
3.6
3.3
3.6
3.8
3.8
3.2
3.8
3.6
4.1
3.9
3.9
3.4
4.4
3.6
10:
3.3
3.2
1000:
3.4
3.3
3.1
4.1
3.7
3.5
3.5
3.8
3.3
3.1
3.5
3.6
3.4
4.0
3.8
3.3
3.3
3.3
3.4
3.6
3.5
3.8
3.0
3.3
3.8
3.4
3.6
10000:
3.7
3.6
10001:
3.5
4.0
3.7
3.2
4.0
3.6
3.6
3.8
3.8
3.6
3.9
3.9
3.3
3.9
3.7
3.6
4.0
10002:
4.0
3.5
4.2
3.8
10003:
3.0
10004:
4.4
3.9
4.0
3.8
4.2
4.0
4.1
4.0
4.0
4.0
4.0
3.8
4.0
3.8
4.0
4.0
4.1
4.1
4.1
3.9
4.0
3.9
3.9
3.9
4.5
3.8
3.9
4.0
3.6
4.2
4.1
RMSE: 0.966446424582752
